This file contains any messages produced by compilers while
running configure, to aid debugging if configure makes a mistake.

It was created by configure, which was
generated by GNU Autoconf 2.59e.  Invocation command line was

  $ ./configure 

## --------- ##
## Platform. ##
## --------- ##

hostname = jim-T420
uname -m = x86_64
uname -r = 3.16.0-38-generic
uname -s = Linux
uname -v = #52~14.04.1-Ubuntu SMP Fri May 8 09:43:57 UTC 2015

/usr/bin/uname -p = unknown
/bin/uname -X     = unknown

/bin/arch              = unknown
/usr/bin/arch -k       = unknown
/usr/convex/getsysinfo = unknown
/usr/bin/hostinfo      = unknown
/bin/machine           = unknown
/usr/bin/oslevel       = unknown
/bin/universe          = unknown

PATH: /usr/local/ant/bin
PATH: /home/jim/test/mipsel-gcc472-glibc216-mips32/bin
PATH: /usr/local/sbin
PATH: /usr/local/bin
PATH: /usr/sbin
PATH: /usr/bin
PATH: /sbin
PATH: /bin
PATH: /usr/games
PATH: /usr/local/games
PATH: /home/jim/mipsel-gcc472-glibc216-mips32/bin


## ----------- ##
## Core tests. ##
## ----------- ##

configure:1961: checking for a BSD-compatible install
configure:2017: result: /usr/bin/install -c
configure:2028: checking whether build environment is sane
configure:2071: result: yes
configure:2136: checking for gawk
configure:2166: result: no
configure:2136: checking for mawk
configure:2152: found /usr/bin/mawk
configure:2163: result: mawk
configure:2174: checking whether make sets $(MAKE)
configure:2195: result: yes
configure:2381: checking whether to enable maintainer-specific portions of Makefiles
configure:2390: result: no
configure:2418: checking for style of include used by make
configure:2446: result: GNU
configure:2519: checking for gcc
configure:2535: found /usr/bin/gcc
configure:2546: result: gcc
configure:2784: checking for C compiler version
configure:2791: gcc --version >&5
gcc (Ubuntu 4.8.2-19ubuntu1) 4.8.2
Copyright (C) 2013 Free Software Foundation, Inc.
This is free software; see the source for copying conditions.  There is NO
warranty; not even for MERCHANTABILITY or FITNESS FOR A PARTICULAR PURPOSE.

configure:2794: $? = 0
configure:2801: gcc -v >&5
Using built-in specs.
COLLECT_GCC=gcc
COLLECT_LTO_WRAPPER=/usr/lib/gcc/x86_64-linux-gnu/4.8/lto-wrapper
Target: x86_64-linux-gnu
Configured with: ../src/configure -v --with-pkgversion='Ubuntu 4.8.2-19ubuntu1' --with-bugurl=file:///usr/share/doc/gcc-4.8/README.Bugs --enable-languages=c,c++,java,go,d,fortran,objc,obj-c++ --prefix=/usr --program-suffix=-4.8 --enable-shared --enable-linker-build-id --libexecdir=/usr/lib --without-included-gettext --enable-threads=posix --with-gxx-include-dir=/usr/include/c++/4.8 --libdir=/usr/lib --enable-nls --with-sysroot=/ --enable-clocale=gnu --enable-libstdcxx-debug --enable-libstdcxx-time=yes --enable-gnu-unique-object --disable-libmudflap --enable-plugin --with-system-zlib --disable-browser-plugin --enable-java-awt=gtk --enable-gtk-cairo --with-java-home=/usr/lib/jvm/java-1.5.0-gcj-4.8-amd64/jre --enable-java-home --with-jvm-root-dir=/usr/lib/jvm/java-1.5.0-gcj-4.8-amd64 --with-jvm-jar-dir=/usr/lib/jvm-exports/java-1.5.0-gcj-4.8-amd64 --with-arch-directory=amd64 --with-ecj-jar=/usr/share/java/eclipse-ecj.jar --enable-objc-gc --enable-multiarch --disable-werror --with-arch-32=i686 --with-abi=m64 --with-multilib-list=m32,m64,mx32 --with-tune=generic --enable-checking=release --build=x86_64-linux-gnu --host=x86_64-linux-gnu --target=x86_64-linux-gnu
Thread model: posix
gcc version 4.8.2 (Ubuntu 4.8.2-19ubuntu1) 
configure:2804: $? = 0
configure:2811: gcc -V >&5
gcc: error: unrecognized command line option '-V'
gcc: fatal error: no input files
compilation terminated.
configure:2814: $? = 4
configure:2837: checking for C compiler default output file name
configure:2864: gcc    conftest.c  >&5
configure:2867: $? = 0
configure:2913: result: a.out
configure:2918: checking whether the C compiler works
configure:2928: ./a.out
configure:2931: $? = 0
configure:2948: result: yes
configure:2955: checking whether we are cross compiling
configure:2957: result: no
configure:2960: checking for suffix of executables
configure:2967: gcc -o conftest    conftest.c  >&5
configure:2970: $? = 0
configure:2994: result: 
configure:3000: checking for suffix of object files
configure:3026: gcc -c   conftest.c >&5
configure:3029: $? = 0
configure:3052: result: o
configure:3056: checking whether we are using the GNU C compiler
configure:3085: gcc -c   conftest.c >&5
configure:3091: $? = 0
configure:3098: test -z "$ac_c_werror_flag" || test ! -s conftest.err
configure:3101: $? = 0
configure:3108: test -s conftest.o
configure:3111: $? = 0
configure:3125: result: yes
configure:3130: checking whether gcc accepts -g
configure:3160: gcc -c -g  conftest.c >&5
configure:3166: $? = 0
configure:3173: test -z "$ac_c_werror_flag" || test ! -s conftest.err
configure:3176: $? = 0
configure:3183: test -s conftest.o
configure:3186: $? = 0
configure:3316: result: yes
configure:3333: checking for gcc option to accept ISO C89
configure:3402: gcc  -c -g -O2  conftest.c >&5
configure:3408: $? = 0
configure:3415: test -z "$ac_c_werror_flag" || test ! -s conftest.err
configure:3418: $? = 0
configure:3425: test -s conftest.o
configure:3428: $? = 0
configure:3448: result: none needed
configure:3468: checking dependency style of gcc
configure:3558: result: gcc3
configure:3576: checking for library containing strerror
configure:3617: gcc -o conftest -g -O2   conftest.c  >&5
configure:3623: $? = 0
configure:3630: test -z "$ac_c_werror_flag" || test ! -s conftest.err
configure:3633: $? = 0
configure:3640: test -s conftest
configure:3643: $? = 0
configure:3667: result: none required
configure:3723: checking for gcc
configure:3750: result: gcc
configure:3988: checking for C compiler version
configure:3995: gcc --version >&5
gcc (Ubuntu 4.8.2-19ubuntu1) 4.8.2
Copyright (C) 2013 Free Software Foundation, Inc.
This is free software; see the source for copying conditions.  There is NO
warranty; not even for MERCHANTABILITY or FITNESS FOR A PARTICULAR PURPOSE.

configure:3998: $? = 0
configure:4005: gcc -v >&5
Using built-in specs.
COLLECT_GCC=gcc
COLLECT_LTO_WRAPPER=/usr/lib/gcc/x86_64-linux-gnu/4.8/lto-wrapper
Target: x86_64-linux-gnu
Configured with: ../src/configure -v --with-pkgversion='Ubuntu 4.8.2-19ubuntu1' --with-bugurl=file:///usr/share/doc/gcc-4.8/README.Bugs --enable-languages=c,c++,java,go,d,fortran,objc,obj-c++ --prefix=/usr --program-suffix=-4.8 --enable-shared --enable-linker-build-id --libexecdir=/usr/lib --without-included-gettext --enable-threads=posix --with-gxx-include-dir=/usr/include/c++/4.8 --libdir=/usr/lib --enable-nls --with-sysroot=/ --enable-clocale=gnu --enable-libstdcxx-debug --enable-libstdcxx-time=yes --enable-gnu-unique-object --disable-libmudflap --enable-plugin --with-system-zlib --disable-browser-plugin --enable-java-awt=gtk --enable-gtk-cairo --with-java-home=/usr/lib/jvm/java-1.5.0-gcj-4.8-amd64/jre --enable-java-home --with-jvm-root-dir=/usr/lib/jvm/java-1.5.0-gcj-4.8-amd64 --with-jvm-jar-dir=/usr/lib/jvm-exports/java-1.5.0-gcj-4.8-amd64 --with-arch-directory=amd64 --with-ecj-jar=/usr/share/java/eclipse-ecj.jar --enable-objc-gc --enable-multiarch --disable-werror --with-arch-32=i686 --with-abi=m64 --with-multilib-list=m32,m64,mx32 --with-tune=generic --enable-checking=release --build=x86_64-linux-gnu --host=x86_64-linux-gnu --target=x86_64-linux-gnu
Thread model: posix
gcc version 4.8.2 (Ubuntu 4.8.2-19ubuntu1) 
configure:4008: $? = 0
configure:4015: gcc -V >&5
gcc: error: unrecognized command line option '-V'
gcc: fatal error: no input files
compilation terminated.
configure:4018: $? = 4
configure:4021: checking whether we are using the GNU C compiler
configure:4090: result: yes
configure:4095: checking whether gcc accepts -g
configure:4281: result: yes
configure:4298: checking for gcc option to accept ISO C89
configure:4413: result: none needed
configure:4433: checking dependency style of gcc
configure:4523: result: gcc3
configure:4588: checking for gcc
configure:4615: result: gcc
configure:4853: checking for C compiler version
configure:4860: gcc --version >&5
gcc (Ubuntu 4.8.2-19ubuntu1) 4.8.2
Copyright (C) 2013 Free Software Foundation, Inc.
This is free software; see the source for copying conditions.  There is NO
warranty; not even for MERCHANTABILITY or FITNESS FOR A PARTICULAR PURPOSE.

configure:4863: $? = 0
configure:4870: gcc -v >&5
Using built-in specs.
COLLECT_GCC=gcc
COLLECT_LTO_WRAPPER=/usr/lib/gcc/x86_64-linux-gnu/4.8/lto-wrapper
Target: x86_64-linux-gnu
Configured with: ../src/configure -v --with-pkgversion='Ubuntu 4.8.2-19ubuntu1' --with-bugurl=file:///usr/share/doc/gcc-4.8/README.Bugs --enable-languages=c,c++,java,go,d,fortran,objc,obj-c++ --prefix=/usr --program-suffix=-4.8 --enable-shared --enable-linker-build-id --libexecdir=/usr/lib --without-included-gettext --enable-threads=posix --with-gxx-include-dir=/usr/include/c++/4.8 --libdir=/usr/lib --enable-nls --with-sysroot=/ --enable-clocale=gnu --enable-libstdcxx-debug --enable-libstdcxx-time=yes --enable-gnu-unique-object --disable-libmudflap --enable-plugin --with-system-zlib --disable-browser-plugin --enable-java-awt=gtk --enable-gtk-cairo --with-java-home=/usr/lib/jvm/java-1.5.0-gcj-4.8-amd64/jre --enable-java-home --with-jvm-root-dir=/usr/lib/jvm/java-1.5.0-gcj-4.8-amd64 --with-jvm-jar-dir=/usr/lib/jvm-exports/java-1.5.0-gcj-4.8-amd64 --with-arch-directory=amd64 --with-ecj-jar=/usr/share/java/eclipse-ecj.jar --enable-objc-gc --enable-multiarch --disable-werror --with-arch-32=i686 --with-abi=m64 --with-multilib-list=m32,m64,mx32 --with-tune=generic --enable-checking=release --build=x86_64-linux-gnu --host=x86_64-linux-gnu --target=x86_64-linux-gnu
Thread model: posix
gcc version 4.8.2 (Ubuntu 4.8.2-19ubuntu1) 
configure:4873: $? = 0
configure:4880: gcc -V >&5
gcc: error: unrecognized command line option '-V'
gcc: fatal error: no input files
compilation terminated.
configure:4883: $? = 4
configure:4886: checking whether we are using the GNU C compiler
configure:4955: result: yes
configure:4960: checking whether gcc accepts -g
configure:5146: result: yes
configure:5163: checking for gcc option to accept ISO C89
configure:5278: result: none needed
configure:5298: checking dependency style of gcc
configure:5388: result: gcc3
configure:5413: checking how to run the C preprocessor
configure:5453: gcc -E  conftest.c
configure:5459: $? = 0
configure:5497: gcc -E  conftest.c
conftest.c:10:28: fatal error: ac_nonexistent.h: No such file or directory
 #include <ac_nonexistent.h>
                            ^
compilation terminated.
configure:5503: $? = 1
configure: failed program was:
| /* confdefs.h.  */
| #define PACKAGE_NAME ""
| #define PACKAGE_TARNAME ""
| #define PACKAGE_VERSION ""
| #define PACKAGE_STRING ""
| #define PACKAGE_BUGREPORT ""
| #define PACKAGE "renderer"
| #define VERSION "0.1.1"
| /* end confdefs.h.  */
| #include <ac_nonexistent.h>
configure:5543: result: gcc -E
configure:5572: gcc -E  conftest.c
configure:5578: $? = 0
configure:5616: gcc -E  conftest.c
conftest.c:10:28: fatal error: ac_nonexistent.h: No such file or directory
 #include <ac_nonexistent.h>
                            ^
compilation terminated.
configure:5622: $? = 1
configure: failed program was:
| /* confdefs.h.  */
| #define PACKAGE_NAME ""
| #define PACKAGE_TARNAME ""
| #define PACKAGE_VERSION ""
| #define PACKAGE_STRING ""
| #define PACKAGE_BUGREPORT ""
| #define PACKAGE "renderer"
| #define VERSION "0.1.1"
| /* end confdefs.h.  */
| #include <ac_nonexistent.h>
configure:5667: checking for grep that handles long lines and -e
configure:5741: result: /bin/grep
configure:5746: checking for egrep
configure:5824: result: /bin/grep -E
configure:5829: checking for ANSI C header files
configure:5859: gcc -c -g -O2  conftest.c >&5
configure:5865: $? = 0
configure:5872: test -z "$ac_c_werror_flag" || test ! -s conftest.err
configure:5875: $? = 0
configure:5882: test -s conftest.o
configure:5885: $? = 0
configure:5981: gcc -o conftest -g -O2   conftest.c  >&5
configure:5984: $? = 0
configure:5990: ./conftest
configure:5993: $? = 0
configure:6010: result: yes
configure:6026: checking how to run the C preprocessor
configure:6156: result: gcc -E
configure:6185: gcc -E  conftest.c
configure:6191: $? = 0
configure:6229: gcc -E  conftest.c
conftest.c:11:28: fatal error: ac_nonexistent.h: No such file or directory
 #include <ac_nonexistent.h>
                            ^
compilation terminated.
configure:6235: $? = 1
configure: failed program was:
| /* confdefs.h.  */
| #define PACKAGE_NAME ""
| #define PACKAGE_TARNAME ""
| #define PACKAGE_VERSION ""
| #define PACKAGE_STRING ""
| #define PACKAGE_BUGREPORT ""
| #define PACKAGE "renderer"
| #define VERSION "0.1.1"
| #define STDC_HEADERS 1
| /* end confdefs.h.  */
| #include <ac_nonexistent.h>
configure:6337: checking for g++
configure:6353: found /usr/bin/g++
configure:6364: result: g++
configure:6395: checking for C++ compiler version
configure:6402: g++ --version >&5
g++ (Ubuntu 4.8.2-19ubuntu1) 4.8.2
Copyright (C) 2013 Free Software Foundation, Inc.
This is free software; see the source for copying conditions.  There is NO
warranty; not even for MERCHANTABILITY or FITNESS FOR A PARTICULAR PURPOSE.

configure:6405: $? = 0
configure:6412: g++ -v >&5
Using built-in specs.
COLLECT_GCC=g++
COLLECT_LTO_WRAPPER=/usr/lib/gcc/x86_64-linux-gnu/4.8/lto-wrapper
Target: x86_64-linux-gnu
Configured with: ../src/configure -v --with-pkgversion='Ubuntu 4.8.2-19ubuntu1' --with-bugurl=file:///usr/share/doc/gcc-4.8/README.Bugs --enable-languages=c,c++,java,go,d,fortran,objc,obj-c++ --prefix=/usr --program-suffix=-4.8 --enable-shared --enable-linker-build-id --libexecdir=/usr/lib --without-included-gettext --enable-threads=posix --with-gxx-include-dir=/usr/include/c++/4.8 --libdir=/usr/lib --enable-nls --with-sysroot=/ --enable-clocale=gnu --enable-libstdcxx-debug --enable-libstdcxx-time=yes --enable-gnu-unique-object --disable-libmudflap --enable-plugin --with-system-zlib --disable-browser-plugin --enable-java-awt=gtk --enable-gtk-cairo --with-java-home=/usr/lib/jvm/java-1.5.0-gcj-4.8-amd64/jre --enable-java-home --with-jvm-root-dir=/usr/lib/jvm/java-1.5.0-gcj-4.8-amd64 --with-jvm-jar-dir=/usr/lib/jvm-exports/java-1.5.0-gcj-4.8-amd64 --with-arch-directory=amd64 --with-ecj-jar=/usr/share/java/eclipse-ecj.jar --enable-objc-gc --enable-multiarch --disable-werror --with-arch-32=i686 --with-abi=m64 --with-multilib-list=m32,m64,mx32 --with-tune=generic --enable-checking=release --build=x86_64-linux-gnu --host=x86_64-linux-gnu --target=x86_64-linux-gnu
Thread model: posix
gcc version 4.8.2 (Ubuntu 4.8.2-19ubuntu1) 
configure:6415: $? = 0
configure:6422: g++ -V >&5
g++: error: unrecognized command line option '-V'
g++: fatal error: no input files
compilation terminated.
configure:6425: $? = 4
configure:6428: checking whether we are using the GNU C++ compiler
configure:6457: g++ -c   conftest.cpp >&5
configure:6463: $? = 0
configure:6470: test -z "$ac_cxx_werror_flag" || test ! -s conftest.err
configure:6473: $? = 0
configure:6480: test -s conftest.o
configure:6483: $? = 0
configure:6497: result: yes
configure:6502: checking whether g++ accepts -g
configure:6532: g++ -c -g  conftest.cpp >&5
configure:6538: $? = 0
configure:6545: test -z "$ac_cxx_werror_flag" || test ! -s conftest.err
configure:6548: $? = 0
configure:6555: test -s conftest.o
configure:6558: $? = 0
configure:6688: result: yes
configure:6713: checking dependency style of g++
configure:6803: result: gcc3
configure:6899: checking build system type
configure:6917: result: x86_64-unknown-linux-gnu
configure:6939: checking host system type
configure:6954: result: x86_64-unknown-linux-gnu
configure:6976: checking for a sed that does not truncate output
configure:7030: result: /bin/sed
configure:7044: checking for ld used by gcc
configure:7111: result: /usr/bin/ld
configure:7120: checking if the linker (/usr/bin/ld) is GNU ld
configure:7135: result: yes
configure:7140: checking for /usr/bin/ld option to reload object files
configure:7147: result: -r
configure:7165: checking for BSD-compatible nm
configure:7214: result: /usr/bin/nm -B
configure:7218: checking whether ln -s works
configure:7222: result: yes
configure:7229: checking how to recognise dependent libraries
configure:7405: result: pass_all
configure:7492: gcc -c -g -O2  conftest.c >&5
configure:7495: $? = 0
configure:7663: checking for sys/types.h
configure:7684: gcc -c -g -O2  conftest.c >&5
configure:7690: $? = 0
configure:7697: test -z "$ac_c_werror_flag" || test ! -s conftest.err
configure:7700: $? = 0
configure:7707: test -s conftest.o
configure:7710: $? = 0
configure:7723: result: yes
configure:7663: checking for sys/stat.h
configure:7684: gcc -c -g -O2  conftest.c >&5
configure:7690: $? = 0
configure:7697: test -z "$ac_c_werror_flag" || test ! -s conftest.err
configure:7700: $? = 0
configure:7707: test -s conftest.o
configure:7710: $? = 0
configure:7723: result: yes
configure:7663: checking for stdlib.h
configure:7684: gcc -c -g -O2  conftest.c >&5
configure:7690: $? = 0
configure:7697: test -z "$ac_c_werror_flag" || test ! -s conftest.err
configure:7700: $? = 0
configure:7707: test -s conftest.o
configure:7710: $? = 0
configure:7723: result: yes
configure:7663: checking for string.h
configure:7684: gcc -c -g -O2  conftest.c >&5
configure:7690: $? = 0
configure:7697: test -z "$ac_c_werror_flag" || test ! -s conftest.err
configure:7700: $? = 0
configure:7707: test -s conftest.o
configure:7710: $? = 0
configure:7723: result: yes
configure:7663: checking for memory.h
configure:7684: gcc -c -g -O2  conftest.c >&5
configure:7690: $? = 0
configure:7697: test -z "$ac_c_werror_flag" || test ! -s conftest.err
configure:7700: $? = 0
configure:7707: test -s conftest.o
configure:7710: $? = 0
configure:7723: result: yes
configure:7663: checking for strings.h
configure:7684: gcc -c -g -O2  conftest.c >&5
configure:7690: $? = 0
configure:7697: test -z "$ac_c_werror_flag" || test ! -s conftest.err
configure:7700: $? = 0
configure:7707: test -s conftest.o
configure:7710: $? = 0
configure:7723: result: yes
configure:7663: checking for inttypes.h
configure:7684: gcc -c -g -O2  conftest.c >&5
configure:7690: $? = 0
configure:7697: test -z "$ac_c_werror_flag" || test ! -s conftest.err
configure:7700: $? = 0
configure:7707: test -s conftest.o
configure:7710: $? = 0
configure:7723: result: yes
configure:7663: checking for stdint.h
configure:7684: gcc -c -g -O2  conftest.c >&5
configure:7690: $? = 0
configure:7697: test -z "$ac_c_werror_flag" || test ! -s conftest.err
configure:7700: $? = 0
configure:7707: test -s conftest.o
configure:7710: $? = 0
configure:7723: result: yes
configure:7663: checking for unistd.h
configure:7684: gcc -c -g -O2  conftest.c >&5
configure:7690: $? = 0
configure:7697: test -z "$ac_c_werror_flag" || test ! -s conftest.err
configure:7700: $? = 0
configure:7707: test -s conftest.o
configure:7710: $? = 0
configure:7723: result: yes
configure:7750: checking dlfcn.h usability
configure:7767: gcc -c -g -O2  conftest.c >&5
configure:7773: $? = 0
configure:7780: test -z "$ac_c_werror_flag" || test ! -s conftest.err
configure:7783: $? = 0
configure:7790: test -s conftest.o
configure:7793: $? = 0
configure:7804: result: yes
configure:7808: checking dlfcn.h presence
configure:7823: gcc -E  conftest.c
configure:7829: $? = 0
configure:7850: result: yes
configure:7878: checking for dlfcn.h
configure:7886: result: yes
configure:7909: checking how to run the C++ preprocessor
configure:7945: g++ -E  conftest.cpp
configure:7951: $? = 0
configure:7989: g++ -E  conftest.cpp
conftest.cpp:21:28: fatal error: ac_nonexistent.h: No such file or directory
 #include <ac_nonexistent.h>
                            ^
compilation terminated.
configure:7995: $? = 1
configure: failed program was:
| /* confdefs.h.  */
| #define PACKAGE_NAME ""
| #define PACKAGE_TARNAME ""
| #define PACKAGE_VERSION ""
| #define PACKAGE_STRING ""
| #define PACKAGE_BUGREPORT ""
| #define PACKAGE "renderer"
| #define VERSION "0.1.1"
| #define STDC_HEADERS 1
| #define HAVE_SYS_TYPES_H 1
| #define HAVE_SYS_STAT_H 1
| #define HAVE_STDLIB_H 1
| #define HAVE_STRING_H 1
| #define HAVE_MEMORY_H 1
| #define HAVE_STRINGS_H 1
| #define HAVE_INTTYPES_H 1
| #define HAVE_STDINT_H 1
| #define HAVE_UNISTD_H 1
| #define HAVE_DLFCN_H 1
| /* end confdefs.h.  */
| #include <ac_nonexistent.h>
configure:8035: result: g++ -E
configure:8064: g++ -E  conftest.cpp
configure:8070: $? = 0
configure:8108: g++ -E  conftest.cpp
conftest.cpp:21:28: fatal error: ac_nonexistent.h: No such file or directory
 #include <ac_nonexistent.h>
                            ^
compilation terminated.
configure:8114: $? = 1
configure: failed program was:
| /* confdefs.h.  */
| #define PACKAGE_NAME ""
| #define PACKAGE_TARNAME ""
| #define PACKAGE_VERSION ""
| #define PACKAGE_STRING ""
| #define PACKAGE_BUGREPORT ""
| #define PACKAGE "renderer"
| #define VERSION "0.1.1"
| #define STDC_HEADERS 1
| #define HAVE_SYS_TYPES_H 1
| #define HAVE_SYS_STAT_H 1
| #define HAVE_STDLIB_H 1
| #define HAVE_STRING_H 1
| #define HAVE_MEMORY_H 1
| #define HAVE_STRINGS_H 1
| #define HAVE_INTTYPES_H 1
| #define HAVE_STDINT_H 1
| #define HAVE_UNISTD_H 1
| #define HAVE_DLFCN_H 1
| /* end confdefs.h.  */
| #include <ac_nonexistent.h>
configure:8214: checking for g77
configure:8244: result: no
configure:8214: checking for f77
configure:8244: result: no
configure:8214: checking for xlf
configure:8244: result: no
configure:8214: checking for frt
configure:8244: result: no
configure:8214: checking for pgf77
configure:8244: result: no
configure:8214: checking for cf77
configure:8244: result: no
configure:8214: checking for fort77
configure:8244: result: no
configure:8214: checking for fl32
configure:8244: result: no
configure:8214: checking for af77
configure:8244: result: no
configure:8214: checking for f90
configure:8244: result: no
configure:8214: checking for xlf90
configure:8244: result: no
configure:8214: checking for pgf90
configure:8244: result: no
configure:8214: checking for pghpf
configure:8244: result: no
configure:8214: checking for epcf90
configure:8244: result: no
configure:8214: checking for gfortran
configure:8244: result: no
configure:8214: checking for g95
configure:8244: result: no
configure:8214: checking for f95
configure:8244: result: no
configure:8214: checking for fort
configure:8244: result: no
configure:8214: checking for xlf95
configure:8244: result: no
configure:8214: checking for ifort
configure:8244: result: no
configure:8214: checking for ifc
configure:8244: result: no
configure:8214: checking for efc
configure:8244: result: no
configure:8214: checking for pgf95
configure:8244: result: no
configure:8214: checking for lf95
configure:8244: result: no
configure:8214: checking for ftn
configure:8244: result: no
configure:8271: checking for Fortran 77 compiler version
configure:8278:  --version >&5
./configure: line 8279: --version: command not found
configure:8281: $? = 127
configure:8288:  -v >&5
./configure: line 8289: -v: command not found
configure:8291: $? = 127
configure:8298:  -V >&5
./configure: line 8299: -V: command not found
configure:8301: $? = 127
configure:8309: checking whether we are using the GNU Fortran 77 compiler
configure:8328:  -c  conftest.F >&5
./configure: line 8329: -c: command not found
configure:8334: $? = 127
configure: failed program was:
|       program main
| #ifndef __GNUC__
|        choke me
| #endif
| 
|       end
configure:8368: result: no
configure:8374: checking whether  accepts -g
configure:8391:  -c -g conftest.f >&5
./configure: line 8392: -c: command not found
configure:8397: $? = 127
configure: failed program was:
|       program main
| 
|       end
configure:8430: result: no
configure:8460: checking the maximum length of command line arguments
configure:8569: result: 32768
configure:8580: checking command to parse /usr/bin/nm -B output from gcc object
configure:8685: gcc -c -g -O2  conftest.c >&5
configure:8688: $? = 0
configure:8692: /usr/bin/nm -B conftest.o \| sed -n -e 's/^.*[ 	]\([ABCDGIRSTW][ABCDGIRSTW]*\)[ 	][ 	]*\([_A-Za-z][_A-Za-z0-9]*\)$/\1 \2 \2/p' \> conftest.nm
configure:8695: $? = 0
configure:8747: gcc -o conftest -g -O2   conftest.c conftstm.o >&5
configure:8750: $? = 0
configure:8788: result: ok
configure:8792: checking for objdir
configure:8807: result: .libs
configure:8899: checking for ar
configure:8915: found /usr/bin/ar
configure:8926: result: ar
configure:8995: checking for ranlib
configure:9011: found /usr/bin/ranlib
configure:9022: result: ranlib
configure:9091: checking for strip
configure:9107: found /usr/bin/strip
configure:9118: result: strip
configure:9404: checking if gcc supports -fno-rtti -fno-exceptions
configure:9422: gcc -c -g -O2  -fno-rtti -fno-exceptions conftest.c >&5
cc1: warning: command line option '-fno-rtti' is valid for C++/ObjC++ but not for C [enabled by default]
configure:9426: $? = 0
configure:9439: result: no
configure:9454: checking for gcc option to produce PIC
configure:9664: result: -fPIC
configure:9672: checking if gcc PIC flag -fPIC works
configure:9690: gcc -c -g -O2  -fPIC -DPIC conftest.c >&5
configure:9694: $? = 0
configure:9707: result: yes
configure:9735: checking if gcc static flag -static works
configure:9763: result: yes
configure:9773: checking if gcc supports -c -o file.o
configure:9794: gcc -c -g -O2  -o out/conftest2.o conftest.c >&5
configure:9798: $? = 0
configure:9820: result: yes
configure:9846: checking whether the gcc linker (/usr/bin/ld -m elf_x86_64) supports shared libraries
configure:10833: result: yes
configure:10854: checking whether -lc should be explicitly linked in
configure:10859: gcc -c -g -O2  conftest.c >&5
configure:10862: $? = 0
configure:10877: gcc -shared conftest.o  -v -Wl,-soname -Wl,conftest -o conftest 2\>\&1 \| grep  -lc  \>/dev/null 2\>\&1
configure:10880: $? = 0
configure:10892: result: no
configure:10900: checking dynamic linker characteristics
configure:11476: result: GNU/Linux ld.so
configure:11485: checking how to hardcode library paths into programs
configure:11510: result: immediate
configure:11524: checking whether stripping libraries is possible
configure:11529: result: yes
configure:12442: checking if libtool supports shared libraries
configure:12444: result: yes
configure:12447: checking whether to build shared libraries
configure:12468: result: yes
configure:12471: checking whether to build static libraries
configure:12475: result: yes
configure:12567: creating libtool
configure:13155: checking for ld used by g++
configure:13222: result: /usr/bin/ld -m elf_x86_64
configure:13231: checking if the linker (/usr/bin/ld -m elf_x86_64) is GNU ld
configure:13246: result: yes
configure:13297: checking whether the g++ linker (/usr/bin/ld -m elf_x86_64) supports shared libraries
configure:14263: result: yes
configure:14281: g++ -c -g -O2  conftest.cpp >&5
configure:14284: $? = 0
configure:14403: checking for g++ option to produce PIC
configure:14677: result: -fPIC
configure:14685: checking if g++ PIC flag -fPIC works
configure:14703: g++ -c -g -O2  -fPIC -DPIC conftest.cpp >&5
configure:14707: $? = 0
configure:14720: result: yes
configure:14748: checking if g++ static flag -static works
configure:14776: result: yes
configure:14786: checking if g++ supports -c -o file.o
configure:14807: g++ -c -g -O2  -o out/conftest2.o conftest.cpp >&5
configure:14811: $? = 0
configure:14833: result: yes
configure:14859: checking whether the g++ linker (/usr/bin/ld -m elf_x86_64) supports shared libraries
configure:14887: result: yes
configure:14954: checking dynamic linker characteristics
configure:15530: result: GNU/Linux ld.so
configure:15539: checking how to hardcode library paths into programs
configure:15564: result: immediate
configure:21959: creating ./config.status

## ---------------------- ##
## Running config.status. ##
## ---------------------- ##

This file was extended by config.status, which was
generated by GNU Autoconf 2.59e.  Invocation command line was

  CONFIG_FILES    = 
  CONFIG_HEADERS  = 
  CONFIG_LINKS    = 
  CONFIG_COMMANDS = 
  $ ./config.status 

on jim-T420

config.status:662: creating Makefile
config.status:662: creating include/Makefile
config.status:662: creating src/Makefile
config.status:662: creating data/Makefile
config.status:662: creating config.h
config.status:888: config.h is unchanged
config.status:934: executing depfiles commands

## ---------------- ##
## Cache variables. ##
## ---------------- ##

ac_cv_build=x86_64-unknown-linux-gnu
ac_cv_c_compiler_gnu=yes
ac_cv_cxx_compiler_gnu=yes
ac_cv_env_CCC_set=
ac_cv_env_CCC_value=
ac_cv_env_CC_set=
ac_cv_env_CC_value=
ac_cv_env_CFLAGS_set=
ac_cv_env_CFLAGS_value=
ac_cv_env_CPPFLAGS_set=
ac_cv_env_CPPFLAGS_value=
ac_cv_env_CPP_set=
ac_cv_env_CPP_value=
ac_cv_env_CXXCPP_set=
ac_cv_env_CXXCPP_value=
ac_cv_env_CXXFLAGS_set=
ac_cv_env_CXXFLAGS_value=
ac_cv_env_CXX_set=
ac_cv_env_CXX_value=
ac_cv_env_F77_set=
ac_cv_env_F77_value=
ac_cv_env_FFLAGS_set=
ac_cv_env_FFLAGS_value=
ac_cv_env_LDFLAGS_set=
ac_cv_env_LDFLAGS_value=
ac_cv_env_build_alias_set=
ac_cv_env_build_alias_value=
ac_cv_env_host_alias_set=
ac_cv_env_host_alias_value=
ac_cv_env_target_alias_set=
ac_cv_env_target_alias_value=
ac_cv_f77_compiler_gnu=no
ac_cv_header_dlfcn_h=yes
ac_cv_header_inttypes_h=yes
ac_cv_header_memory_h=yes
ac_cv_header_stdc=yes
ac_cv_header_stdint_h=yes
ac_cv_header_stdlib_h=yes
ac_cv_header_string_h=yes
ac_cv_header_strings_h=yes
ac_cv_header_sys_stat_h=yes
ac_cv_header_sys_types_h=yes
ac_cv_header_unistd_h=yes
ac_cv_host=x86_64-unknown-linux-gnu
ac_cv_objext=o
ac_cv_path_EGREP='/bin/grep -E'
ac_cv_path_GREP=/bin/grep
ac_cv_path_install='/usr/bin/install -c'
ac_cv_prog_AWK=mawk
ac_cv_prog_CPP='gcc -E'
ac_cv_prog_CXXCPP='g++ -E'
ac_cv_prog_ac_ct_AR=ar
ac_cv_prog_ac_ct_CC=gcc
ac_cv_prog_ac_ct_CXX=g++
ac_cv_prog_ac_ct_RANLIB=ranlib
ac_cv_prog_ac_ct_STRIP=strip
ac_cv_prog_cc_c89=
ac_cv_prog_cc_g=yes
ac_cv_prog_cxx_g=yes
ac_cv_prog_f77_g=no
ac_cv_prog_make_make_set=yes
ac_cv_search_strerror='none required'
am_cv_CC_dependencies_compiler_type=gcc3
am_cv_CXX_dependencies_compiler_type=gcc3
am_cv_prog_cc_stdc=
lt_cv_deplibs_check_method=pass_all
lt_cv_file_magic_cmd='$MAGIC_CMD'
lt_cv_file_magic_test_file=
lt_cv_ld_reload_flag=-r
lt_cv_objdir=.libs
lt_cv_path_LD=/usr/bin/ld
lt_cv_path_LDCXX='/usr/bin/ld -m elf_x86_64'
lt_cv_path_NM='/usr/bin/nm -B'
lt_cv_path_SED=/bin/sed
lt_cv_prog_compiler_c_o=yes
lt_cv_prog_compiler_c_o_CXX=yes
lt_cv_prog_compiler_rtti_exceptions=no
lt_cv_prog_gnu_ld=yes
lt_cv_prog_gnu_ldcxx=yes
lt_cv_sys_global_symbol_pipe='sed -n -e '\''s/^.*[ 	]\([ABCDGIRSTW][ABCDGIRSTW]*\)[ 	][ 	]*\([_A-Za-z][_A-Za-z0-9]*\)$/\1 \2 \2/p'\'''
lt_cv_sys_global_symbol_to_c_name_address='sed -n -e '\''s/^: \([^ ]*\) $/  {\"\1\", (lt_ptr) 0},/p'\'' -e '\''s/^[BCDEGRST] \([^ ]*\) \([^ ]*\)$/  {"\2", (lt_ptr) \&\2},/p'\'''
lt_cv_sys_global_symbol_to_cdecl='sed -n -e '\''s/^. .* \(.*\)$/extern int \1;/p'\'''
lt_cv_sys_max_cmd_len=32768
lt_lt_cv_prog_compiler_c_o='"yes"'
lt_lt_cv_prog_compiler_c_o_CXX='"yes"'
lt_lt_cv_sys_global_symbol_pipe='"sed -n -e '\''s/^.*[ 	]\\([ABCDGIRSTW][ABCDGIRSTW]*\\)[ 	][ 	]*\\([_A-Za-z][_A-Za-z0-9]*\\)\$/\\1 \\2 \\2/p'\''"'
lt_lt_cv_sys_global_symbol_to_c_name_address='"sed -n -e '\''s/^: \\([^ ]*\\) \$/  {\\\"\\1\\\", (lt_ptr) 0},/p'\'' -e '\''s/^[BCDEGRST] \\([^ ]*\\) \\([^ ]*\\)\$/  {\"\\2\", (lt_ptr) \\&\\2},/p'\''"'
lt_lt_cv_sys_global_symbol_to_cdecl='"sed -n -e '\''s/^. .* \\(.*\\)\$/extern int \\1;/p'\''"'

## ----------------- ##
## Output variables. ##
## ----------------- ##

ACLOCAL='${SHELL} /home/jim/test/upnp-control-mplay/renderer-0.1.1/missing --run aclocal-1.9'
AMDEPBACKSLASH='\'
AMDEP_FALSE='#'
AMDEP_TRUE=''
AMTAR='${SHELL} /home/jim/test/upnp-control-mplay/renderer-0.1.1/missing --run tar'
AR='ar'
AUTOCONF='${SHELL} /home/jim/test/upnp-control-mplay/renderer-0.1.1/missing --run autoconf'
AUTOHEADER='${SHELL} /home/jim/test/upnp-control-mplay/renderer-0.1.1/missing --run autoheader'
AUTOMAKE='${SHELL} /home/jim/test/upnp-control-mplay/renderer-0.1.1/missing --run automake-1.9'
AWK='mawk'
CC='gcc'
CCDEPMODE='depmode=gcc3'
CFLAGS='-g -O2'
CPP='gcc -E'
CPPFLAGS=''
CXX='g++'
CXXCPP='g++ -E'
CXXDEPMODE='depmode=gcc3'
CXXFLAGS='-g -O2'
CYGPATH_W='echo'
DEFS='-DHAVE_CONFIG_H'
DEPDIR='.deps'
ECHO='echo'
ECHO_C=''
ECHO_N='-n'
ECHO_T=''
EGREP='/bin/grep -E'
EXEEXT=''
F77=''
FFLAGS=''
GREP='/bin/grep'
INSTALL_DATA='${INSTALL} -m 644'
INSTALL_PROGRAM='${INSTALL}'
INSTALL_SCRIPT='${INSTALL}'
INSTALL_STRIP_PROGRAM='${SHELL} $(install_sh) -c -s'
LDFLAGS=''
LIBOBJS=''
LIBS=''
LIBTOOL='$(SHELL) $(top_builddir)/libtool'
LN_S='ln -s'
LTLIBOBJS=''
MAINT='#'
MAINTAINER_MODE_FALSE=''
MAINTAINER_MODE_TRUE='#'
MAKEINFO='${SHELL} /home/jim/test/upnp-control-mplay/renderer-0.1.1/missing --run makeinfo'
NO_PREFIX_PACKAGE_DATA_DIR='share'
NO_PREFIX_PACKAGE_DOC_DIR='doc/renderer'
NO_PREFIX_PACKAGE_HELP_DIR='share/help'
NO_PREFIX_PACKAGE_MENU_DIR='share'
NO_PREFIX_PACKAGE_PIXMAPS_DIR='share/pixmaps'
OBJEXT='o'
PACKAGE='renderer'
PACKAGE_BUGREPORT=''
PACKAGE_DATA_DIR='/usr/local/share'
PACKAGE_DOC_DIR='/usr/local/doc/renderer'
PACKAGE_HELP_DIR='/usr/local/share/help'
PACKAGE_MENU_DIR='/usr/local/share'
PACKAGE_NAME=''
PACKAGE_PIXMAPS_DIR='/usr/local/share/pixmaps'
PACKAGE_STRING=''
PACKAGE_TARNAME=''
PACKAGE_VERSION=''
PATH_SEPARATOR=':'
RANLIB='ranlib'
SET_MAKE=''
SHELL='/bin/bash'
STRIP='strip'
VERSION='0.1.1'
ac_ct_CC='gcc'
ac_ct_CXX='g++'
ac_ct_F77=''
am__fastdepCC_FALSE='#'
am__fastdepCC_TRUE=''
am__fastdepCXX_FALSE='#'
am__fastdepCXX_TRUE=''
am__include='include'
am__leading_dot='.'
am__quote=''
am__tar='${AMTAR} chof - "$$tardir"'
am__untar='${AMTAR} xf -'
bindir='${exec_prefix}/bin'
build='x86_64-unknown-linux-gnu'
build_alias=''
build_cpu='x86_64'
build_os='linux-gnu'
build_vendor='unknown'
datadir='${datarootdir}'
datarootdir='${prefix}/share'
docdir='${datarootdir}/doc/${PACKAGE}'
dvidir='${docdir}'
exec_prefix='${prefix}'
host='x86_64-unknown-linux-gnu'
host_alias=''
host_cpu='x86_64'
host_os='linux-gnu'
host_vendor='unknown'
htmldir='${docdir}'
includedir='${prefix}/include'
infodir='${datarootdir}/info'
install_sh='/home/jim/test/upnp-control-mplay/renderer-0.1.1/install-sh'
libdir='${exec_prefix}/lib'
libexecdir='${exec_prefix}/libexec'
localedir='${datarootdir}/locale'
localstatedir='${prefix}/var'
mandir='${datarootdir}/man'
mkdir_p='mkdir -p --'
oldincludedir='/usr/include'
pdfdir='${docdir}'
prefix='/usr/local'
program_transform_name='s,x,x,'
psdir='${docdir}'
sbindir='${exec_prefix}/sbin'
sharedstatedir='${prefix}/com'
sysconfdir='${prefix}/etc'
target_alias=''

## ----------- ##
## confdefs.h. ##
## ----------- ##

#define PACKAGE_NAME ""
#define PACKAGE_TARNAME ""
#define PACKAGE_VERSION ""
#define PACKAGE_STRING ""
#define PACKAGE_BUGREPORT ""
#define PACKAGE "renderer"
#define VERSION "0.1.1"
#define STDC_HEADERS 1
#define HAVE_SYS_TYPES_H 1
#define HAVE_SYS_STAT_H 1
#define HAVE_STDLIB_H 1
#define HAVE_STRING_H 1
#define HAVE_MEMORY_H 1
#define HAVE_STRINGS_H 1
#define HAVE_INTTYPES_H 1
#define HAVE_STDINT_H 1
#define HAVE_UNISTD_H 1
#define HAVE_DLFCN_H 1
#define PACKAGE_DATA_DIR "/usr/local/share"
#define PACKAGE_DOC_DIR "/usr/local/doc/renderer"
#define PACKAGE_PIXMAPS_DIR "/usr/local/share/pixmaps"
#define PACKAGE_HELP_DIR "/usr/local/share/help"
#define PACKAGE_MENU_DIR "/usr/local/share"
#define PACKAGE_SOURCE_DIR "/home/jim/test/upnp-control-mplay/renderer-0.1.1"

configure: exit 0
